<?xml version="1.0" encoding="UTF-8"?>
<!-- Generated by org.testng.reporters.JUnitReportReporter -->
<testsuite hostname="WKMIN6073219" name="com.testRunners.Chrome_TestRunner" tests="1" failures="0" timestamp="11 Feb 2019 07:44:06 GMT" time="43.988" errors="0">
  <testcase name="feature" time="43.988" classname="com.testRunners.Chrome_TestRunner"/>
</testsuite> <!-- com.testRunners.Chrome_TestRunner -->
